<?xml version="1.0" encoding="UTF-8"?>
<!-- Generated by org.testng.reporters.JUnitXMLReporter -->
<testsuite hostname="DESKTOP-IQTEBF1" name="Test" tests="5" failures="0" timestamp="30 Nov 2019 03:55:50 GMT" time="15.22" errors="0">
  <testcase name="welcomePageLinks" time="0.888" classname="testcases.TestCase_TourSignon"/>
  <testcase name="singon" time="7.15" classname="testcases.TestCase_TourSignon"/>
  <testcase name="findAvailableFlights" time="2.462" classname="testcases.TestCase_TourSignon"/>
  <testcase name="reserveFlights" time="1.514" classname="testcases.TestCase_TourSignon"/>
  <testcase name="bookFlights" time="3.182" classname="testcases.TestCase_TourSignon"/>
</testsuite> <!-- Test -->
