<?xml version="1.0" encoding="UTF-8"?>
<!-- Generated by org.testng.reporters.JUnitXMLReporter -->
<testsuite hostname="DESKTOP-IQTEBF1" ignored="0" name="Test" tests="5" failures="0" timestamp="30 Nov 2019 20:35:50 GMT" time="17.095" errors="0">
  <testcase name="welcomePageLinks" time="0.689" classname="testcases.TestCase_TourSignon"/>
  <testcase name="singon" time="7.478" classname="testcases.TestCase_TourSignon"/>
  <testcase name="findAvailableFlights" time="3.092" classname="testcases.TestCase_TourSignon"/>
  <testcase name="reserveFlights" time="2.049" classname="testcases.TestCase_TourSignon"/>
  <testcase name="bookFlights" time="3.751" classname="testcases.TestCase_TourSignon"/>
</testsuite> <!-- Test -->
