<?xml version="1.0" encoding="UTF-8"?>
<testng-results skipped="0" failed="0" total="5" passed="5">
  <reporter-output>
  </reporter-output>
  <suite name="Default suite" duration-ms="31567" started-at="2019-11-30T18:23:17Z" finished-at="2019-11-30T18:23:49Z">
    <groups>
    </groups>
    <test name="Default test" duration-ms="31567" started-at="2019-11-30T18:23:17Z" finished-at="2019-11-30T18:23:49Z">
      <class name="testcases.TestCase_TourSignon">
        <test-method status="PASS" signature="setup()[pri:0, instance:testcases.TestCase_TourSignon@1d251891]" name="setup" is-config="true" duration-ms="8461" started-at="2019-11-30T13:23:09Z" finished-at="2019-11-30T13:23:17Z">
          <reporter-output>
          </reporter-output>
        </test-method> <!-- setup -->
        <test-method status="PASS" signature="welcomePageLinks()[pri:0, instance:testcases.TestCase_TourSignon@1d251891]" name="welcomePageLinks" duration-ms="650" started-at="2019-11-30T13:23:17Z" finished-at="2019-11-30T13:23:18Z">
          <reporter-output>
          </reporter-output>
        </test-method> <!-- welcomePageLinks -->
        <test-method status="PASS" signature="singon()[pri:1, instance:testcases.TestCase_TourSignon@1d251891]" name="singon" duration-ms="6991" started-at="2019-11-30T13:23:18Z" finished-at="2019-11-30T13:23:25Z">
          <reporter-output>
          </reporter-output>
        </test-method> <!-- singon -->
        <test-method status="PASS" signature="findAvailableFlights()[pri:2, instance:testcases.TestCase_TourSignon@1d251891]" name="findAvailableFlights" duration-ms="2896" started-at="2019-11-30T13:23:25Z" description="find available flights with provided search criteria" finished-at="2019-11-30T13:23:28Z">
          <reporter-output>
          </reporter-output>
        </test-method> <!-- findAvailableFlights -->
        <test-method status="PASS" signature="reserveFlights()[pri:3, instance:testcases.TestCase_TourSignon@1d251891]" name="reserveFlights" duration-ms="11971" started-at="2019-11-30T13:23:28Z" description="Select and sreserve available flight(s)" finished-at="2019-11-30T13:23:40Z">
          <reporter-output>
          </reporter-output>
        </test-method> <!-- reserveFlights -->
        <test-method status="PASS" signature="bookFlights()[pri:4, instance:testcases.TestCase_TourSignon@1d251891]" name="bookFlights" duration-ms="9032" started-at="2019-11-30T13:23:40Z" description="Book reserved flight(s)" finished-at="2019-11-30T13:23:49Z">
          <reporter-output>
          </reporter-output>
        </test-method> <!-- bookFlights -->
        <test-method status="PASS" signature="tearDown()[pri:0, instance:testcases.TestCase_TourSignon@1d251891]" name="tearDown" is-config="true" duration-ms="1328" started-at="2019-11-30T13:23:49Z" finished-at="2019-11-30T13:23:50Z">
          <reporter-output>
          </reporter-output>
        </test-method> <!-- tearDown -->
      </class> <!-- testcases.TestCase_TourSignon -->
    </test> <!-- Default test -->
  </suite> <!-- Default suite -->
</testng-results>
